<?xml version="1.0" encoding="UTF-8"?>
<!-- Generated by org.testng.reporters.JUnitReportReporter -->
<testsuite hostname="Selenium-HP" name="rough.TestParameterization" tests="4" failures="0" timestamp="1 Oct 2015 20:25:02 GMT" time="0.019" errors="0">
  <testcase name="testData" time="0.001" classname="rough.TestParameterization"/>
  <testcase name="testData" time="0.000" classname="rough.TestParameterization"/>
  <testcase name="testData" time="0.001" classname="rough.TestParameterization"/>
  <testcase name="testData" time="0.017" classname="rough.TestParameterization"/>
</testsuite> <!-- rough.TestParameterization -->
