<?xml version="1.0" encoding="UTF-8"?>
<!-- Generated by org.testng.reporters.JUnitReportReporter -->
<testsuite hostname="Selenium-HP" name="suite2.TestB1" tests="2" failures="0" timestamp="27 Oct 2015 15:51:28 GMT" time="0.117" errors="0">
  <testcase name="testB1" time="0.057" classname="suite2.TestB1"/>
  <testcase name="testB1" time="0.060" classname="suite2.TestB1"/>
</testsuite> <!-- suite2.TestB1 -->
